# JRE version: OpenJDK Runtime Environment (11.0.2+9) (build 11.0.2+9)
# Java VM: OpenJDK 64-Bit Server VM (11.0.2+9, mixed mode, tiered, compressed oops, g1 gc, windows-amd64)
Heap:
 garbage-first heap   total 63488K, used 38470K [0x00000000c2000000, 0x0000000100000000)
  region size 1024K, 18 young (18432K), 3 survivors (3072K)
 Metaspace       used 25183K, capacity 25715K, committed 25904K, reserved 1073152K
  class space    used 2381K, capacity 2617K, committed 2688K, reserved 1048576K
GC Heap History (8 events):
Event: 0.894 GC heap before
{Heap before GC invocations=0 (full 0):
 garbage-first heap   total 63488K, used 6144K [0x00000000c2000000, 0x0000000100000000)
  region size 1024K, 7 young (7168K), 0 survivors (0K)
 Metaspace       used 12304K, capacity 12600K, committed 12800K, reserved 1060864K
  class space    used 1280K, capacity 1440K, committed 1536K, reserved 1048576K
}
Event: 0.899 GC heap after
{Heap after GC invocations=1 (full 0):
 garbage-first heap   total 63488K, used 2072K [0x00000000c2000000, 0x0000000100000000)
  region size 1024K, 1 young (1024K), 1 survivors (1024K)
 Metaspace       used 12304K, capacity 12600K, committed 12800K, reserved 1060864K
  class space    used 1280K, capacity 1440K, committed 1536K, reserved 1048576K
}
Event: 1.156 GC heap before
{Heap before GC invocations=1 (full 0):
 garbage-first heap   total 63488K, used 10264K [0x00000000c2000000, 0x0000000100000000)
  region size 1024K, 6 young (6144K), 1 survivors (1024K)
 Metaspace       used 12705K, capacity 12990K, committed 13312K, reserved 1060864K
  class space    used 1305K, capacity 1441K, committed 1536K, reserved 1048576K
}
Event: 1.159 GC heap after
{Heap after GC invocations=2 (full 0):
 garbage-first heap   total 63488K, used 5927K [0x00000000c2000000, 0x0000000100000000)
  region size 1024K, 1 young (1024K), 1 survivors (1024K)
 Metaspace       used 12705K, capacity 12990K, committed 13312K, reserved 1060864K
  class space    used 1305K, capacity 1441K, committed 1536K, reserved 1048576K
}
Event: 1.615 GC heap before
{Heap before GC invocations=2 (full 0):
 garbage-first heap   total 63488K, used 30503K [0x00000000c2000000, 0x0000000100000000)
  region size 1024K, 14 young (14336K), 1 survivors (1024K)
 Metaspace       used 13764K, capacity 14168K, committed 14464K, reserved 1062912K
  class space    used 1428K, capacity 1599K, committed 1664K, reserved 1048576K
}
Event: 1.617 GC heap after
{Heap after GC invocations=3 (full 0):
 garbage-first heap   total 63488K, used 18386K [0x00000000c2000000, 0x0000000100000000)
  region size 1024K, 1 young (1024K), 1 survivors (1024K)
 Metaspace       used 13764K, capacity 14168K, committed 14464K, reserved 1062912K
  class space    used 1428K, capacity 1599K, committed 1664K, reserved 1048576K
}
Event: 6.836 GC heap before
{Heap before GC invocations=3 (full 0):
 garbage-first heap   total 63488K, used 31698K [0x00000000c2000000, 0x0000000100000000)
  region size 1024K, 15 young (15360K), 1 survivors (1024K)
 Metaspace       used 20614K, capacity 21107K, committed 21296K, reserved 1069056K
  class space    used 2091K, capacity 2322K, committed 2432K, reserved 1048576K
}
Event: 6.842 GC heap after
{Heap after GC invocations=4 (full 0):
 garbage-first heap   total 63488K, used 21431K [0x00000000c2000000, 0x0000000100000000)
  region size 1024K, 3 young (3072K), 3 survivors (3072K)
 Metaspace       used 20614K, capacity 21107K, committed 21296K, reserved 1069056K
  class space    used 2091K, capacity 2322K, committed 2432K, reserved 1048576K
}

